Checker passed. Start with 2.0 points.
=================================
Queen input passes
Passed HW2-tests/queen-input.txt
Score is now 6.0
=============================================
No knight input passes
Passed HW2-tests/no-knight-input.txt
Score is now 8.0
=============================================
Knight input passes
Passed HW2-tests/knight-input.txt
Score is now 10.0
=============================================
Extra credit pawn input passes
Passed HW2-tests/pawn-input.txt
Score is now 12.0
=============================================
Solution has passed all tests. The ordeal is over, you can take a breath now.
Final score
12
